2025-04-23 09:30:52.289 [info] Reading sessions from keychain...
2025-04-23 09:30:52.289 [info] Getting sessions for all scopes...
2025-04-23 09:30:52.289 [info] Getting sessions for all scopes...
2025-04-23 09:30:52.289 [info] Getting sessions for all scopes...
2025-04-23 09:30:52.298 [info] Getting sessions for all scopes...
2025-04-23 09:30:52.298 [info] Getting sessions for all scopes...
2025-04-23 09:30:52.298 [info] Getting sessions for all scopes...
2025-04-23 09:30:52.298 [info] Getting sessions for all scopes...
2025-04-23 09:30:52.299 [info] Getting sessions for all scopes...
2025-04-23 09:30:52.320 [info] Got 0 sessions for ...
2025-04-23 09:30:52.321 [info] Got 0 sessions for ...
2025-04-23 09:30:52.321 [info] Got 0 sessions for ...
2025-04-23 09:30:52.321 [info] Got 0 sessions for ...
2025-04-23 09:30:52.321 [info] Got 0 sessions for ...
2025-04-23 09:30:52.321 [info] Got 0 sessions for ...
2025-04-23 09:30:52.321 [info] Got 0 sessions for ...
2025-04-23 09:30:52.321 [info] Got 0 sessions for ...
2025-04-23 09:30:52.521 [info] Getting sessions for all scopes...
2025-04-23 09:30:52.521 [info] Got 0 sessions for ...
2025-04-23 09:30:53.431 [info] Getting sessions for all scopes...
2025-04-23 09:30:53.431 [info] Got 0 sessions for ...
2025-04-23 09:30:53.461 [info] Getting sessions for read:user,repo,user:email,workflow...
2025-04-23 09:30:53.461 [info] Got 0 sessions for read:user,repo,user:email,workflow...
