2025-04-21 19:34:26.813 [info] Reading sessions from keychain...
2025-04-21 19:34:26.813 [info] Getting sessions for all scopes...
2025-04-21 19:34:26.813 [info] Getting sessions for all scopes...
2025-04-21 19:34:26.813 [info] Getting sessions for all scopes...
2025-04-21 19:34:26.813 [info] Getting sessions for all scopes...
2025-04-21 19:34:26.813 [info] Getting sessions for all scopes...
2025-04-21 19:34:26.814 [info] Getting sessions for all scopes...
2025-04-21 19:34:26.814 [info] Getting sessions for all scopes...
2025-04-21 19:34:26.814 [info] Getting sessions for all scopes...
2025-04-21 19:34:26.815 [info] Got 0 sessions for ...
2025-04-21 19:34:26.815 [info] Got 0 sessions for ...
2025-04-21 19:34:26.815 [info] Got 0 sessions for ...
2025-04-21 19:34:26.815 [info] Got 0 sessions for ...
2025-04-21 19:34:26.815 [info] Got 0 sessions for ...
2025-04-21 19:34:26.815 [info] Got 0 sessions for ...
2025-04-21 19:34:26.815 [info] Got 0 sessions for ...
2025-04-21 19:34:26.815 [info] Got 0 sessions for ...
2025-04-21 19:34:26.819 [info] Getting sessions for all scopes...
2025-04-21 19:34:26.819 [info] Got 0 sessions for ...
2025-04-21 19:34:27.810 [info] Getting sessions for all scopes...
2025-04-21 19:34:27.810 [info] Got 0 sessions for ...
2025-04-21 19:34:27.894 [info] Getting sessions for read:user,repo,user:email,workflow...
2025-04-21 19:34:27.894 [info] Got 0 sessions for read:user,repo,user:email,workflow...
