2025-04-24 12:28:07.149 [info] Reading sessions from keychain...
2025-04-24 12:28:07.149 [info] Getting sessions for all scopes...
2025-04-24 12:28:07.149 [info] Getting sessions for all scopes...
2025-04-24 12:28:07.149 [info] Getting sessions for all scopes...
2025-04-24 12:28:07.149 [info] Getting sessions for all scopes...
2025-04-24 12:28:07.149 [info] Getting sessions for all scopes...
2025-04-24 12:28:07.149 [info] Getting sessions for all scopes...
2025-04-24 12:28:07.150 [info] Getting sessions for all scopes...
2025-04-24 12:28:07.150 [info] Getting sessions for all scopes...
2025-04-24 12:28:07.151 [info] Got 0 sessions for ...
2025-04-24 12:28:07.151 [info] Got 0 sessions for ...
2025-04-24 12:28:07.151 [info] Got 0 sessions for ...
2025-04-24 12:28:07.151 [info] Got 0 sessions for ...
2025-04-24 12:28:07.151 [info] Got 0 sessions for ...
2025-04-24 12:28:07.151 [info] Got 0 sessions for ...
2025-04-24 12:28:07.151 [info] Got 0 sessions for ...
2025-04-24 12:28:07.151 [info] Got 0 sessions for ...
2025-04-24 12:28:07.542 [info] Getting sessions for all scopes...
2025-04-24 12:28:07.542 [info] Got 0 sessions for ...
2025-04-24 12:28:07.995 [info] Getting sessions for all scopes...
2025-04-24 12:28:07.995 [info] Got 0 sessions for ...
2025-04-24 12:28:08.421 [info] Getting sessions for read:user,repo,user:email,workflow...
2025-04-24 12:28:08.421 [info] Got 0 sessions for read:user,repo,user:email,workflow...
