2025-04-20 10:14:23.186 [info] Reading sessions from keychain...
2025-04-20 10:14:23.186 [info] Getting sessions for all scopes...
2025-04-20 10:14:23.186 [info] Getting sessions for all scopes...
2025-04-20 10:14:23.186 [info] Getting sessions for all scopes...
2025-04-20 10:14:23.186 [info] Got 0 sessions for ...
2025-04-20 10:14:23.186 [info] Got 0 sessions for ...
2025-04-20 10:14:23.186 [info] Got 0 sessions for ...
2025-04-20 10:14:23.186 [info] Getting sessions for all scopes...
2025-04-20 10:14:23.187 [info] Got 0 sessions for ...
2025-04-20 10:14:23.187 [info] Getting sessions for all scopes...
2025-04-20 10:14:23.188 [info] Got 0 sessions for ...
2025-04-20 10:14:23.189 [info] Getting sessions for all scopes...
2025-04-20 10:14:23.189 [info] Got 0 sessions for ...
2025-04-20 10:14:23.189 [info] Getting sessions for all scopes...
2025-04-20 10:14:23.189 [info] Got 0 sessions for ...
2025-04-20 10:14:23.189 [info] Getting sessions for all scopes...
2025-04-20 10:14:23.190 [info] Got 0 sessions for ...
2025-04-20 10:14:23.621 [info] Getting sessions for all scopes...
2025-04-20 10:14:23.621 [info] Got 0 sessions for ...
2025-04-20 10:14:24.483 [info] Getting sessions for all scopes...
2025-04-20 10:14:24.483 [info] Got 0 sessions for ...
2025-04-20 10:14:24.546 [info] Getting sessions for read:user,repo,user:email,workflow...
2025-04-20 10:14:24.546 [info] Got 0 sessions for read:user,repo,user:email,workflow...
