2025-04-19 10:00:03.017 [info] Reading sessions from keychain...
2025-04-19 10:00:03.017 [info] Getting sessions for all scopes...
2025-04-19 10:00:03.017 [info] Getting sessions for all scopes...
2025-04-19 10:00:03.017 [info] Getting sessions for all scopes...
2025-04-19 10:00:03.017 [info] Getting sessions for all scopes...
2025-04-19 10:00:03.017 [info] Getting sessions for all scopes...
2025-04-19 10:00:03.018 [info] Getting sessions for all scopes...
2025-04-19 10:00:03.018 [info] Getting sessions for all scopes...
2025-04-19 10:00:03.018 [info] Getting sessions for all scopes...
2025-04-19 10:00:03.031 [info] Got 0 sessions for ...
2025-04-19 10:00:03.031 [info] Got 0 sessions for ...
2025-04-19 10:00:03.031 [info] Got 0 sessions for ...
2025-04-19 10:00:03.031 [info] Got 0 sessions for ...
2025-04-19 10:00:03.031 [info] Got 0 sessions for ...
2025-04-19 10:00:03.031 [info] Got 0 sessions for ...
2025-04-19 10:00:03.031 [info] Got 0 sessions for ...
2025-04-19 10:00:03.031 [info] Got 0 sessions for ...
2025-04-19 10:00:03.268 [info] Getting sessions for all scopes...
2025-04-19 10:00:03.268 [info] Got 0 sessions for ...
2025-04-19 10:00:04.179 [info] Getting sessions for all scopes...
2025-04-19 10:00:04.179 [info] Got 0 sessions for ...
2025-04-19 10:00:04.231 [info] Getting sessions for read:user,repo,user:email,workflow...
2025-04-19 10:00:04.231 [info] Got 0 sessions for read:user,repo,user:email,workflow...
