2025-04-26 10:59:11.862 [info] Reading sessions from keychain...
2025-04-26 10:59:11.862 [info] Getting sessions for all scopes...
2025-04-26 10:59:11.862 [info] Getting sessions for all scopes...
2025-04-26 10:59:11.862 [info] Getting sessions for all scopes...
2025-04-26 10:59:11.880 [info] Getting sessions for all scopes...
2025-04-26 10:59:11.880 [info] Getting sessions for all scopes...
2025-04-26 10:59:11.880 [info] Getting sessions for all scopes...
2025-04-26 10:59:11.880 [info] Getting sessions for all scopes...
2025-04-26 10:59:11.880 [info] Getting sessions for all scopes...
2025-04-26 10:59:11.888 [info] Got 0 sessions for ...
2025-04-26 10:59:11.888 [info] Got 0 sessions for ...
2025-04-26 10:59:11.888 [info] Got 0 sessions for ...
2025-04-26 10:59:11.888 [info] Got 0 sessions for ...
2025-04-26 10:59:11.888 [info] Got 0 sessions for ...
2025-04-26 10:59:11.888 [info] Got 0 sessions for ...
2025-04-26 10:59:11.888 [info] Got 0 sessions for ...
2025-04-26 10:59:11.888 [info] Got 0 sessions for ...
2025-04-26 10:59:12.058 [info] Getting sessions for all scopes...
2025-04-26 10:59:12.058 [info] Got 0 sessions for ...
2025-04-26 10:59:13.044 [info] Getting sessions for all scopes...
2025-04-26 10:59:13.044 [info] Got 0 sessions for ...
2025-04-26 10:59:13.128 [info] Getting sessions for read:user,repo,user:email,workflow...
2025-04-26 10:59:13.128 [info] Got 0 sessions for read:user,repo,user:email,workflow...
