2025-04-22 17:55:53.333 [info] Reading sessions from keychain...
2025-04-22 17:55:53.333 [info] Getting sessions for all scopes...
2025-04-22 17:55:53.333 [info] Getting sessions for all scopes...
2025-04-22 17:55:53.333 [info] Getting sessions for all scopes...
2025-04-22 17:55:53.333 [info] Getting sessions for all scopes...
2025-04-22 17:55:53.333 [info] Getting sessions for all scopes...
2025-04-22 17:55:53.334 [info] Getting sessions for all scopes...
2025-04-22 17:55:53.334 [info] Getting sessions for all scopes...
2025-04-22 17:55:53.334 [info] Getting sessions for all scopes...
2025-04-22 17:55:53.335 [info] Got 0 sessions for ...
2025-04-22 17:55:53.335 [info] Got 0 sessions for ...
2025-04-22 17:55:53.336 [info] Got 0 sessions for ...
2025-04-22 17:55:53.336 [info] Got 0 sessions for ...
2025-04-22 17:55:53.336 [info] Got 0 sessions for ...
2025-04-22 17:55:53.336 [info] Got 0 sessions for ...
2025-04-22 17:55:53.336 [info] Got 0 sessions for ...
2025-04-22 17:55:53.336 [info] Got 0 sessions for ...
2025-04-22 17:55:53.683 [info] Getting sessions for all scopes...
2025-04-22 17:55:53.683 [info] Got 0 sessions for ...
2025-04-22 17:55:54.413 [info] Getting sessions for read:user,repo,user:email,workflow...
2025-04-22 17:55:54.413 [info] Got 0 sessions for read:user,repo,user:email,workflow...
2025-04-22 17:55:54.483 [info] Getting sessions for all scopes...
2025-04-22 17:55:54.483 [info] Got 0 sessions for ...
